<?xml version="1.0" encoding="UTF-8"?>
<testng-results skipped="0" failed="0" ignored="0" total="1" passed="1">
  <reporter-output>
  </reporter-output>
  <suite name="Default suite" duration-ms="14101" started-at="2018-09-01T19:03:10Z" finished-at="2018-09-01T19:03:24Z">
    <groups>
    </groups>
    <test name="Default test" duration-ms="14101" started-at="2018-09-01T19:03:10Z" finished-at="2018-09-01T19:03:24Z">
      <class name="test_cases.TestRunner">
        <test-method status="PASS" signature="testLogin()[pri:0, instance:test_cases.TestRunner@55f3ddb1]" name="testLogin" duration-ms="14074" started-at="2018-09-01T19:03:10Z" finished-at="2018-09-01T19:03:24Z">
          <reporter-output>
          </reporter-output>
        </test-method> <!-- testLogin -->
      </class> <!-- test_cases.TestRunner -->
    </test> <!-- Default test -->
  </suite> <!-- Default suite -->
</testng-results>
